<?xml version="1.0" encoding="UTF-8"?>
<!-- Generated by org.testng.reporters.JUnitReportReporter -->
<testsuite hostname="VaVe-Hub" failures="0" tests="2" name="cucumber.TestNGTestRunner" time="20.229" errors="0" timestamp="2025-07-02T22:45:24 IST" skipped="0">
  <testcase classname="cucumber.TestNGTestRunner" name="runScenario" time="9.933"/>
  <testcase classname="cucumber.TestNGTestRunner" name="runScenario" time="10.296"/>
</testsuite> <!-- cucumber.TestNGTestRunner -->
