<?xml version="1.0" encoding="UTF-8"?>
<!-- Generated by org.testng.reporters.JUnitReportReporter -->
<testsuite hostname="VaVe-Hub" failures="0" tests="4" name="vaveTuts.tests.StandAloneTest" time="20.351" errors="0" timestamp="2025-07-02T20:20:23 IST" skipped="0">
  <testcase classname="vaveTuts.tests.StandAloneTest" name="submitOrder" time="8.821"/>
  <testcase classname="vaveTuts.tests.StandAloneTest" name="orderHistoryProductNameValidationsTest" time="1.654"/>
  <testcase classname="vaveTuts.tests.StandAloneTest" name="orderHistoryProductNameValidationsTest" time="1.675"/>
  <testcase classname="vaveTuts.tests.StandAloneTest" name="submitOrder" time="8.201"/>
</testsuite> <!-- vaveTuts.tests.StandAloneTest -->
